<?xml version="1.0" encoding="UTF-8"?>
<testsuite name="com.bridgelabz.test.FormValidationTest" tests="1" skipped="0" failures="0" errors="0" timestamp="2019-11-23T05:24:32" hostname="bridgelabz" time="0.001">
  <properties/>
  <testcase name="givenPassword_WhenContainsExactlyOneSplChar_ReturnTrue" classname="com.bridgelabz.test.FormValidationTest" time="0.001"/>
  <system-out><![CDATA[]]></system-out>
  <system-err><![CDATA[]]></system-err>
</testsuite>
