<?xml version="1.0" encoding="UTF-8"?>
<testsuite name="com.bridgelabz.test.FormValidationTest" tests="20" skipped="0" failures="0" errors="0" timestamp="2019-11-22T13:39:22" hostname="bridgelabz" time="0.006">
  <properties/>
  <testcase name="givenLastName_WhenPassedMinAcceptedChar_ReturnsTrue" classname="com.bridgelabz.test.FormValidationTest" time="0.001"/>
  <testcase name="givenMobileNumber_WhenPassedValid_ReturnTrue" classname="com.bridgelabz.test.FormValidationTest" time="0.0"/>
  <testcase name="givenName_WhenPassedTwoChar_ReturnsFalse" classname="com.bridgelabz.test.FormValidationTest" time="0.0"/>
  <testcase name="givenLastName_WhenCorrect_ReturnsTrue" classname="com.bridgelabz.test.FormValidationTest" time="0.0"/>
  <testcase name="givenName_WhenPassedSmallChar_ReturnsFalse" classname="com.bridgelabz.test.FormValidationTest" time="0.0"/>
  <testcase name="givenLastName_WhenPassedNumeric_ReturnsFalse" classname="com.bridgelabz.test.FormValidationTest" time="0.0"/>
  <testcase name="givenMobileNumber_WhenPassedOtherThanNumeric_ReturnFalse" classname="com.bridgelabz.test.FormValidationTest" time="0.0"/>
  <testcase name="givenName_WhenPassedSpChar_ReturnsFalse" classname="com.bridgelabz.test.FormValidationTest" time="0.0"/>
  <testcase name="givenLastName_WhenPassedSpChar_ReturnsFalse" classname="com.bridgelabz.test.FormValidationTest" time="0.0"/>
  <testcase name="givenName_WhenPassedMinAcceptedChar_ReturnsTrue" classname="com.bridgelabz.test.FormValidationTest" time="0.0"/>
  <testcase name="givenName_WhenPassedNumeric_ReturnsFalse" classname="com.bridgelabz.test.FormValidationTest" time="0.0"/>
  <testcase name="givenLastName_WhenPassedMultipleCaps_ReturnsFalse" classname="com.bridgelabz.test.FormValidationTest" time="0.001"/>
  <testcase name="givenName_WhenCorrect_ReturnsTrue" classname="com.bridgelabz.test.FormValidationTest" time="0.0"/>
  <testcase name="givenMobileNumber_WhenNotPassedCountryCode_ReturnFalse" classname="com.bridgelabz.test.FormValidationTest" time="0.0"/>
  <testcase name="givenName_WhenPassedMultipleCaps_ReturnsFalse" classname="com.bridgelabz.test.FormValidationTest" time="0.0"/>
  <testcase name="givenMobileNumber_WhenPassedLessThanTenNumbers_ReturnFalse" classname="com.bridgelabz.test.FormValidationTest" time="0.001"/>
  <testcase name="givenLastName_WhenPassedTwoChar_ReturnsFalse" classname="com.bridgelabz.test.FormValidationTest" time="0.0"/>
  <testcase name="givenMobileNumber_WhenPassedWithMultipleSpace_ReturnFalse" classname="com.bridgelabz.test.FormValidationTest" time="0.0"/>
  <testcase name="givenLastName_WhenPassedSmallChar_ReturnsFalse" classname="com.bridgelabz.test.FormValidationTest" time="0.0"/>
  <testcase name="givenMobileNumber_WhenNotSeperatedCountryCode_ReturnFalse" classname="com.bridgelabz.test.FormValidationTest" time="0.0"/>
  <system-out><![CDATA[]]></system-out>
  <system-err><![CDATA[]]></system-err>
</testsuite>
